[0m[[0m[0mdebug[0m] [0m[0m> Exec(;Test/compile; collectAnalyses, None, Some(CommandSource(network-1)))[0m
[0m[[0m[0mdebug[0m] [0m[0munmatched Processing event for requestId None: None[0m
[0m[[0m[0mdebug[0m] [0m[0munmatched Done event for requestId None: None[0m
[0m[[0m[0mdebug[0m] [0m[0m> Exec(Test/compile, None, Some(CommandSource(network-1)))[0m
[0m[[0m[0mdebug[0m] [0m[0munmatched Processing event for requestId None: None[0m
[0m[[0m[0mdebug[0m] [0m[0mEvaluating tasks: Test / compile[0m
[0m[[0m[0mdebug[0m] [0m[0mRunning task... Cancel: Signal, check cycles: false, forcegc: true[0m
[0m[[0m[0mdebug[0m] [0m[0mjsonRpcNotify: JsonRpcNotificationMessage(2.0, build/taskStart, {"taskId":{"id":"70","parents":[]},"eventTime":1680194112808,"message":"Compiling root","dataKind":"compile-task","data":{"target":{"uri":"file:/C:/Projects/NOAAData/noaadata/#root/Compile"}}})[0m
[0m[[0m[0minfo[0m] [0m[0mcompiling 1 Scala source to C:\Projects\NOAAData\noaadata\target\scala-2.12\classes ...[0m
[0m[[0m[0mdebug[0m] [0m[0mjsonRpcNotify: JsonRpcNotificationMessage(2.0, build/logMessage, {"type":3,"message":"compiling 1 Scala source to C:\\Projects\\NOAAData\\noaadata\\target\\scala-2.12\\classes ..."})[0m
[0m[[0m[0mdebug[0m] [0m[0mjsonRpcNotify: JsonRpcNotificationMessage(2.0, build/taskProgress, {"taskId":{"id":"70","parents":[]},"eventTime":1680194112986,"message":"Compiling root (15%)","total":26,"progress":15,"dataKind":"compile-progress","data":{"target":{"uri":"file:/C:/Projects/NOAAData/noaadata/#root/Compile"}}})[0m
[0m[[0m[0mdebug[0m] [0m[0mjsonRpcNotify: JsonRpcNotificationMessage(2.0, build/taskProgress, {"taskId":{"id":"70","parents":[]},"eventTime":1680194112986,"message":"Compiling root (15%)","total":26,"progress":15,"dataKind":"compile-progress","data":{"target":{"uri":"file:/C:/Projects/NOAAData/noaadata/#root/Compile"}}})[0m
[0m[[0m[0mdebug[0m] [0m[0mjsonRpcNotify: JsonRpcNotificationMessage(2.0, build/taskProgress, {"taskId":{"id":"70","parents":[]},"eventTime":1680194112988,"message":"Compiling root (30%)","total":26,"progress":30,"dataKind":"compile-progress","data":{"target":{"uri":"file:/C:/Projects/NOAAData/noaadata/#root/Compile"}}})[0m
[0m[[0m[0mdebug[0m] [0m[0mjsonRpcNotify: JsonRpcNotificationMessage(2.0, build/taskProgress, {"taskId":{"id":"70","parents":[]},"eventTime":1680194112988,"message":"Compiling root (30%)","total":26,"progress":30,"dataKind":"compile-progress","data":{"target":{"uri":"file:/C:/Projects/NOAAData/noaadata/#root/Compile"}}})[0m
[0m[[0m[0mdebug[0m] [0m[0mjsonRpcNotify: JsonRpcNotificationMessage(2.0, build/taskProgress, {"taskId":{"id":"70","parents":[]},"eventTime":1680194113016,"message":"Compiling root (50%)","total":26,"progress":50,"dataKind":"compile-progress","data":{"target":{"uri":"file:/C:/Projects/NOAAData/noaadata/#root/Compile"}}})[0m
[0m[[0m[0mdebug[0m] [0m[0mjsonRpcNotify: JsonRpcNotificationMessage(2.0, build/taskProgress, {"taskId":{"id":"70","parents":[]},"eventTime":1680194113016,"message":"Compiling root (50%)","total":26,"progress":50,"dataKind":"compile-progress","data":{"target":{"uri":"file:/C:/Projects/NOAAData/noaadata/#root/Compile"}}})[0m
[0m[[0m[0mdebug[0m] [0m[0mjsonRpcNotify: JsonRpcNotificationMessage(2.0, build/taskProgress, {"taskId":{"id":"70","parents":[]},"eventTime":1680194113046,"message":"Compiling root (65%)","total":26,"progress":65,"dataKind":"compile-progress","data":{"target":{"uri":"file:/C:/Projects/NOAAData/noaadata/#root/Compile"}}})[0m
[0m[[0m[0mdebug[0m] [0m[0mjsonRpcNotify: JsonRpcNotificationMessage(2.0, build/taskProgress, {"taskId":{"id":"70","parents":[]},"eventTime":1680194113047,"message":"Compiling root (65%)","total":26,"progress":65,"dataKind":"compile-progress","data":{"target":{"uri":"file:/C:/Projects/NOAAData/noaadata/#root/Compile"}}})[0m
[0m[[0m[0mdebug[0m] [0m[0mjsonRpcNotify: JsonRpcNotificationMessage(2.0, build/taskProgress, {"taskId":{"id":"70","parents":[]},"eventTime":1680194113051,"message":"Compiling root (80%)","total":26,"progress":80,"dataKind":"compile-progress","data":{"target":{"uri":"file:/C:/Projects/NOAAData/noaadata/#root/Compile"}}})[0m
[0m[[0m[0mdebug[0m] [0m[0mjsonRpcNotify: JsonRpcNotificationMessage(2.0, build/taskProgress, {"taskId":{"id":"70","parents":[]},"eventTime":1680194113052,"message":"Compiling root (80%)","total":26,"progress":80,"dataKind":"compile-progress","data":{"target":{"uri":"file:/C:/Projects/NOAAData/noaadata/#root/Compile"}}})[0m
[0m[[0m[0mdebug[0m] [0m[0mjsonRpcNotify: JsonRpcNotificationMessage(2.0, build/taskProgress, {"taskId":{"id":"70","parents":[]},"eventTime":1680194113075,"message":"Compiling root (100%)","total":26,"progress":100,"dataKind":"compile-progress","data":{"target":{"uri":"file:/C:/Projects/NOAAData/noaadata/#root/Compile"}}})[0m
[0m[[0m[0mdebug[0m] [0m[0mjsonRpcNotify: JsonRpcNotificationMessage(2.0, build/taskProgress, {"taskId":{"id":"70","parents":[]},"eventTime":1680194113075,"message":"Compiling root (100%)","total":26,"progress":100,"dataKind":"compile-progress","data":{"target":{"uri":"file:/C:/Projects/NOAAData/noaadata/#root/Compile"}}})[0m
[0m[[0m[33mwarn[0m] [0m[0mthere was one deprecation warning (since 16.0.0-R23); re-run with -deprecation for details[0m
[0m[[0m[0mdebug[0m] [0m[0mjsonRpcNotify: JsonRpcNotificationMessage(2.0, build/logMessage, {"type":2,"message":"there was one deprecation warning (since 16.0.0-R23); re-run with -deprecation for details"})[0m
[0m[[0m[33mwarn[0m] [0m[0mone warning found[0m
[0m[[0m[0mdebug[0m] [0m[0mjsonRpcNotify: JsonRpcNotificationMessage(2.0, build/logMessage, {"type":2,"message":"one warning found"})[0m
[0m[[0m[0mdebug[0m] [0m[0mjsonRpcNotify: JsonRpcNotificationMessage(2.0, build/publishDiagnostics, {"textDocument":{"uri":"file:///C:/Projects/NOAAData/noaadata/src/main/scala/Ditemp1972.scala"},"buildTarget":{"uri":"file:/C:/Projects/NOAAData/noaadata/#root/Compile"},"diagnostics":[],"reset":true})[0m
[0m[[0m[0mdebug[0m] [0m[0mjsonRpcNotify: JsonRpcNotificationMessage(2.0, build/taskFinish, {"taskId":{"id":"70","parents":[]},"eventTime":1680194113080,"message":"Compiled root","status":1,"dataKind":"compile-report","data":{"target":{"uri":"file:/C:/Projects/NOAAData/noaadata/#root/Compile"},"errors":0,"warnings":0,"time":272}})[0m
[0m[[0m[0mdebug[0m] [0m[0mjsonRpcNotify: JsonRpcNotificationMessage(2.0, build/taskStart, {"taskId":{"id":"71","parents":[]},"eventTime":1680194113094,"message":"Compiling root-test","dataKind":"compile-task","data":{"target":{"uri":"file:/C:/Projects/NOAAData/noaadata/#root/Test"}}})[0m
[0m[[0m[0mdebug[0m] [0m[0mjsonRpcNotify: JsonRpcNotificationMessage(2.0, build/taskFinish, {"taskId":{"id":"71","parents":[]},"eventTime":1680194113104,"message":"Compiled root-test","status":1,"dataKind":"compile-report","data":{"target":{"uri":"file:/C:/Projects/NOAAData/noaadata/#root/Test"},"errors":0,"warnings":0,"time":10}})[0m
[0m[[0m[32msuccess[0m] [0m[0mTotal time: 0 s, completed 30 Mar, 2023 10:05:13 PM[0m
[0m[[0m[0mdebug[0m] [0m[0munmatched Done event for requestId None: None[0m
[0m[[0m[0mdebug[0m] [0m[0m> Exec(collectAnalyses, None, Some(CommandSource(network-1)))[0m
[0m[[0m[0mdebug[0m] [0m[0munmatched Processing event for requestId None: None[0m
[0m[[0m[0mdebug[0m] [0m[0mEvaluating tasks: Compile / collectAnalyses[0m
[0m[[0m[0mdebug[0m] [0m[0mRunning task... Cancel: Signal, check cycles: false, forcegc: true[0m
[0m[[0m[0mdebug[0m] [0m[0manalysis location (C:\Projects\NOAAData\noaadata\target\scala-2.12\zinc\inc_compile_2.12.zip,true)[0m
[0m[[0m[32msuccess[0m] [0m[0mTotal time: 0 s, completed 30 Mar, 2023 10:05:13 PM[0m
[0m[[0m[0mdebug[0m] [0m[0munmatched Done event for requestId None: None[0m
[0m[[0m[0mdebug[0m] [0m[0m> Exec(shell, None, None)[0m
