[0m[[0m[0mdebug[0m] [0m[0m> Exec(;Test/compile; collectAnalyses, None, Some(CommandSource(network-1)))[0m
[0m[[0m[0mdebug[0m] [0m[0munmatched Processing event for requestId None: None[0m
[0m[[0m[0mdebug[0m] [0m[0munmatched Done event for requestId None: None[0m
[0m[[0m[0mdebug[0m] [0m[0m> Exec(Test/compile, None, Some(CommandSource(network-1)))[0m
[0m[[0m[0mdebug[0m] [0m[0munmatched Processing event for requestId None: None[0m
[0m[[0m[0mdebug[0m] [0m[0mEvaluating tasks: Test / compile[0m
[0m[[0m[0mdebug[0m] [0m[0mRunning task... Cancel: Signal, check cycles: false, forcegc: true[0m
[0m[[0m[0mdebug[0m] [0m[0mjsonRpcNotify: JsonRpcNotificationMessage(2.0, build/taskStart, {"taskId":{"id":"5","parents":[]},"eventTime":1680024237539,"message":"Compiling root","dataKind":"compile-task","data":{"target":{"uri":"file:/C:/Projects/NOAAData/noaadata/#root/Compile"}}})[0m
[0m[[0m[0mdebug[0m] [0m[0mjsonRpcNotify: JsonRpcNotificationMessage(2.0, build/publishDiagnostics, {"textDocument":{"uri":"file:///C:/Projects/NOAAData/noaadata/src/main/scala/semiaridcommon.scala"},"buildTarget":{"uri":"file:/C:/Projects/NOAAData/noaadata/#root/Compile"},"diagnostics":[],"reset":true})[0m
[0m[[0m[0mdebug[0m] [0m[0mjsonRpcNotify: JsonRpcNotificationMessage(2.0, build/publishDiagnostics, {"textDocument":{"uri":"file:///C:/Projects/NOAAData/noaadata/src/main/scala/tmaxsize.scala"},"buildTarget":{"uri":"file:/C:/Projects/NOAAData/noaadata/#root/Compile"},"diagnostics":[],"reset":true})[0m
[0m[[0m[0mdebug[0m] [0m[0mjsonRpcNotify: JsonRpcNotificationMessage(2.0, build/publishDiagnostics, {"textDocument":{"uri":"file:///C:/Projects/NOAAData/noaadata/src/main/scala/tmingraph.scala"},"buildTarget":{"uri":"file:/C:/Projects/NOAAData/noaadata/#root/Compile"},"diagnostics":[],"reset":true})[0m
[0m[[0m[0mdebug[0m] [0m[0mjsonRpcNotify: JsonRpcNotificationMessage(2.0, build/publishDiagnostics, {"textDocument":{"uri":"file:///C:/Projects/NOAAData/noaadata/src/main/scala/precip2022.scala"},"buildTarget":{"uri":"file:/C:/Projects/NOAAData/noaadata/#root/Compile"},"diagnostics":[],"reset":true})[0m
[0m[[0m[0mdebug[0m] [0m[0mjsonRpcNotify: JsonRpcNotificationMessage(2.0, build/publishDiagnostics, {"textDocument":{"uri":"file:///C:/Projects/NOAAData/noaadata/src/main/scala/please.scala"},"buildTarget":{"uri":"file:/C:/Projects/NOAAData/noaadata/#root/Compile"},"diagnostics":[],"reset":true})[0m
[0m[[0m[0mdebug[0m] [0m[0mjsonRpcNotify: JsonRpcNotificationMessage(2.0, build/publishDiagnostics, {"textDocument":{"uri":"file:///C:/Projects/NOAAData/noaadata/src/main/scala/Size.scala"},"buildTarget":{"uri":"file:/C:/Projects/NOAAData/noaadata/#root/Compile"},"diagnostics":[],"reset":true})[0m
[0m[[0m[0mdebug[0m] [0m[0mjsonRpcNotify: JsonRpcNotificationMessage(2.0, build/publishDiagnostics, {"textDocument":{"uri":"file:///C:/Projects/NOAAData/noaadata/src/main/scala/tmin.scala"},"buildTarget":{"uri":"file:/C:/Projects/NOAAData/noaadata/#root/Compile"},"diagnostics":[],"reset":true})[0m
[0m[[0m[0mdebug[0m] [0m[0mjsonRpcNotify: JsonRpcNotificationMessage(2.0, build/publishDiagnostics, {"textDocument":{"uri":"file:///C:/Projects/NOAAData/noaadata/src/main/scala/trying.scala"},"buildTarget":{"uri":"file:/C:/Projects/NOAAData/noaadata/#root/Compile"},"diagnostics":[],"reset":true})[0m
[0m[[0m[0mdebug[0m] [0m[0mjsonRpcNotify: JsonRpcNotificationMessage(2.0, build/publishDiagnostics, {"textDocument":{"uri":"file:///C:/Projects/NOAAData/noaadata/src/main/scala/precipcommon.scala"},"buildTarget":{"uri":"file:/C:/Projects/NOAAData/noaadata/#root/Compile"},"diagnostics":[],"reset":true})[0m
[0m[[0m[0mdebug[0m] [0m[0mjsonRpcNotify: JsonRpcNotificationMessage(2.0, build/publishDiagnostics, {"textDocument":{"uri":"file:///C:/Projects/NOAAData/noaadata/src/main/scala/Ditemp2022.scala"},"buildTarget":{"uri":"file:/C:/Projects/NOAAData/noaadata/#root/Compile"},"diagnostics":[],"reset":true})[0m
[0m[[0m[0mdebug[0m] [0m[0mjsonRpcNotify: JsonRpcNotificationMessage(2.0, build/publishDiagnostics, {"textDocument":{"uri":"file:///C:/Projects/NOAAData/noaadata/src/main/scala/Ditempcommon.scala"},"buildTarget":{"uri":"file:/C:/Projects/NOAAData/noaadata/#root/Compile"},"diagnostics":[],"reset":true})[0m
[0m[[0m[0mdebug[0m] [0m[0mjsonRpcNotify: JsonRpcNotificationMessage(2.0, build/publishDiagnostics, {"textDocument":{"uri":"file:///C:/Projects/NOAAData/noaadata/src/main/scala/tmaxgraph.scala"},"buildTarget":{"uri":"file:/C:/Projects/NOAAData/noaadata/#root/Compile"},"diagnostics":[],"reset":true})[0m
[0m[[0m[0mdebug[0m] [0m[0mjsonRpcNotify: JsonRpcNotificationMessage(2.0, build/publishDiagnostics, {"textDocument":{"uri":"file:///C:/Projects/NOAAData/noaadata/src/main/scala/tmax.scala"},"buildTarget":{"uri":"file:/C:/Projects/NOAAData/noaadata/#root/Compile"},"diagnostics":[],"reset":true})[0m
[0m[[0m[0mdebug[0m] [0m[0mjsonRpcNotify: JsonRpcNotificationMessage(2.0, build/publishDiagnostics, {"textDocument":{"uri":"file:///C:/Projects/NOAAData/noaadata/src/main/scala/Ditempgraph.scala"},"buildTarget":{"uri":"file:/C:/Projects/NOAAData/noaadata/#root/Compile"},"diagnostics":[],"reset":true})[0m
[0m[[0m[0mdebug[0m] [0m[0mjsonRpcNotify: JsonRpcNotificationMessage(2.0, build/publishDiagnostics, {"textDocument":{"uri":"file:///C:/Projects/NOAAData/noaadata/src/main/scala/Ditemp1972.scala"},"buildTarget":{"uri":"file:/C:/Projects/NOAAData/noaadata/#root/Compile"},"diagnostics":[],"reset":true})[0m
[0m[[0m[0mdebug[0m] [0m[0mjsonRpcNotify: JsonRpcNotificationMessage(2.0, build/publishDiagnostics, {"textDocument":{"uri":"file:///C:/Projects/NOAAData/noaadata/src/main/scala/Ditempindi.scala"},"buildTarget":{"uri":"file:/C:/Projects/NOAAData/noaadata/#root/Compile"},"diagnostics":[],"reset":true})[0m
[0m[[0m[0mdebug[0m] [0m[0mjsonRpcNotify: JsonRpcNotificationMessage(2.0, build/publishDiagnostics, {"textDocument":{"uri":"file:///C:/Projects/NOAAData/noaadata/src/main/scala/aridcommon.scala"},"buildTarget":{"uri":"file:/C:/Projects/NOAAData/noaadata/#root/Compile"},"diagnostics":[],"reset":true})[0m
[0m[[0m[0mdebug[0m] [0m[0mjsonRpcNotify: JsonRpcNotificationMessage(2.0, build/publishDiagnostics, {"textDocument":{"uri":"file:///C:/Projects/NOAAData/noaadata/src/main/scala/tminsize.scala"},"buildTarget":{"uri":"file:/C:/Projects/NOAAData/noaadata/#root/Compile"},"diagnostics":[],"reset":true})[0m
[0m[[0m[0mdebug[0m] [0m[0mjsonRpcNotify: JsonRpcNotificationMessage(2.0, build/publishDiagnostics, {"textDocument":{"uri":"file:///C:/Projects/NOAAData/noaadata/src/main/scala/predict.scala"},"buildTarget":{"uri":"file:/C:/Projects/NOAAData/noaadata/#root/Compile"},"diagnostics":[],"reset":true})[0m
[0m[[0m[0mdebug[0m] [0m[0mjsonRpcNotify: JsonRpcNotificationMessage(2.0, build/taskFinish, {"taskId":{"id":"5","parents":[]},"eventTime":1680024237601,"message":"Compiled root","status":1,"dataKind":"compile-report","data":{"target":{"uri":"file:/C:/Projects/NOAAData/noaadata/#root/Compile"},"errors":0,"warnings":0,"time":62}})[0m
[0m[[0m[0mdebug[0m] [0m[0mjsonRpcNotify: JsonRpcNotificationMessage(2.0, build/taskStart, {"taskId":{"id":"6","parents":[]},"eventTime":1680024237608,"message":"Compiling root-test","dataKind":"compile-task","data":{"target":{"uri":"file:/C:/Projects/NOAAData/noaadata/#root/Test"}}})[0m
[0m[[0m[0mdebug[0m] [0m[0mjsonRpcNotify: JsonRpcNotificationMessage(2.0, build/taskFinish, {"taskId":{"id":"6","parents":[]},"eventTime":1680024237622,"message":"Compiled root-test","status":1,"dataKind":"compile-report","data":{"target":{"uri":"file:/C:/Projects/NOAAData/noaadata/#root/Test"},"errors":0,"warnings":0,"time":14}})[0m
[0m[[0m[32msuccess[0m] [0m[0mTotal time: 1 s, completed 28 Mar, 2023 10:53:58 PM[0m
[0m[[0m[0mdebug[0m] [0m[0munmatched Done event for requestId None: None[0m
[0m[[0m[0mdebug[0m] [0m[0m> Exec(collectAnalyses, None, Some(CommandSource(network-1)))[0m
[0m[[0m[0mdebug[0m] [0m[0munmatched Processing event for requestId None: None[0m
[0m[[0m[0mdebug[0m] [0m[0mEvaluating tasks: Compile / collectAnalyses[0m
[0m[[0m[0mdebug[0m] [0m[0mRunning task... Cancel: Signal, check cycles: false, forcegc: true[0m
[0m[[0m[0mdebug[0m] [0m[0manalysis location (C:\Projects\NOAAData\noaadata\target\scala-2.12\zinc\inc_compile_2.12.zip,true)[0m
[0m[[0m[32msuccess[0m] [0m[0mTotal time: 0 s, completed 28 Mar, 2023 10:53:58 PM[0m
[0m[[0m[0mdebug[0m] [0m[0munmatched Done event for requestId None: None[0m
[0m[[0m[0mdebug[0m] [0m[0m> Exec(shell, None, None)[0m
