[0m[[0m[0mdebug[0m] [0m[0m> Exec(run, Some(a7805912-87fa-447a-a711-89fa676e50ec), Some(CommandSource(console0)))[0m
[0m[[0m[0mdebug[0m] [0m[0mEvaluating tasks: Compile / run[0m
[0m[[0m[0mdebug[0m] [0m[0mRunning task... Cancel: Signal, check cycles: false, forcegc: true[0m
[0m[[0m[0mdebug[0m] [0m[0mjsonRpcNotify: JsonRpcNotificationMessage(2.0, build/taskStart, {"taskId":{"id":"6","parents":[]},"eventTime":1676273730936,"message":"Compiling root","dataKind":"compile-task","data":{"target":{"uri":"file:/C:/Projects/NOAAData/noaadata/#root/Compile"}}})[0m
[0m[[0m[0minfo[0m] [0m[0mcompiling 2 Scala sources to C:\Projects\NOAAData\noaadata\target\scala-2.12\classes ...[0m
[0m[[0m[0mdebug[0m] [0m[0mjsonRpcNotify: JsonRpcNotificationMessage(2.0, build/logMessage, {"type":3,"message":"compiling 2 Scala sources to C:\\Projects\\NOAAData\\noaadata\\target\\scala-2.12\\classes ..."})[0m
[0m[[0m[0mdebug[0m] [0m[0mjsonRpcNotify: JsonRpcNotificationMessage(2.0, build/taskProgress, {"taskId":{"id":"6","parents":[]},"eventTime":1676273731042,"message":"Compiling root (5%)","total":52,"progress":5,"dataKind":"compile-progress","data":{"target":{"uri":"file:/C:/Projects/NOAAData/noaadata/#root/Compile"}}})[0m
[0m[[0m[0mdebug[0m] [0m[0mjsonRpcNotify: JsonRpcNotificationMessage(2.0, build/publishDiagnostics, {"textDocument":{"uri":"file:///C:/Projects/NOAAData/noaadata/src/main/scala/semiaridcommon.scala"},"buildTarget":{"uri":"file:/C:/Projects/NOAAData/noaadata/#root/Compile"},"diagnostics":[{"range":{"start":{"line":16,"character":7},"end":{"line":16,"character":8}},"severity":1,"source":"sbt","message":"semiaridcommon is already defined as object semiaridcommon"}],"reset":false})[0m
[0m[[0m[31merror[0m] [0m[0mC:\Projects\NOAAData\noaadata\src\main\scala\semiaridcommon.scala:17:8: semiaridcommon is already defined as object semiaridcommon[0m
[0m[[0m[31merror[0m] [0m[0mobject semiaridcommon extends JFXApp {[0m
[0m[[0m[31merror[0m] [0m[0m       ^[0m
[0m[[0m[0mdebug[0m] [0m[0mjsonRpcNotify: JsonRpcNotificationMessage(2.0, build/logMessage, {"type":1,"message":"C:\\Projects\\NOAAData\\noaadata\\src\\main\\scala\\semiaridcommon.scala:17:8: semiaridcommon is already defined as object semiaridcommon"})[0m
[0m[[0m[0mdebug[0m] [0m[0mjsonRpcNotify: JsonRpcNotificationMessage(2.0, build/logMessage, {"type":1,"message":"object semiaridcommon extends JFXApp {"})[0m
[0m[[0m[0mdebug[0m] [0m[0mjsonRpcNotify: JsonRpcNotificationMessage(2.0, build/logMessage, {"type":1,"message":"       ^"})[0m
[0m[[0m[31merror[0m] [0m[0mone error found[0m
[0m[[0m[0mdebug[0m] [0m[0mjsonRpcNotify: JsonRpcNotificationMessage(2.0, build/logMessage, {"type":1,"message":"one error found"})[0m
[0m[[0m[0mdebug[0m] [0m[0mjsonRpcNotify: JsonRpcNotificationMessage(2.0, build/publishDiagnostics, {"textDocument":{"uri":"file:///C:/Projects/NOAAData/noaadata/src/main/scala/semiaridcommon.scala"},"buildTarget":{"uri":"file:/C:/Projects/NOAAData/noaadata/#root/Compile"},"diagnostics":[{"range":{"start":{"line":16,"character":7},"end":{"line":16,"character":8}},"severity":1,"source":"sbt","message":"semiaridcommon is already defined as object semiaridcommon"}],"reset":true})[0m
[0m[[0m[0mdebug[0m] [0m[0mjsonRpcNotify: JsonRpcNotificationMessage(2.0, build/taskFinish, {"taskId":{"id":"6","parents":[]},"eventTime":1676273731049,"message":"Compiled root","status":2,"dataKind":"compile-report","data":{"target":{"uri":"file:/C:/Projects/NOAAData/noaadata/#root/Compile"},"errors":1,"warnings":0,"time":113}})[0m
[0m[[0m[31merror[0m] [0m[0m(Compile / [31mcompileIncremental[0m) Compilation failed[0m
[0m[[0m[0mdebug[0m] [0m[0mjsonRpcNotify: JsonRpcNotificationMessage(2.0, build/logMessage, {"type":1,"message":"(Compile / \u001b[31mcompileIncremental\u001b[0m) Compilation failed"})[0m
[0m[[0m[31merror[0m] [0m[0mTotal time: 0 s, completed 13 Feb, 2023 1:05:31 PM[0m
[0m[[0m[0mdebug[0m] [0m[0m> Exec(shell, None, None)[0m
